<?xml version="1.0" encoding="UTF-8"?>
<testng-results ignored="0" total="1" passed="1" failed="0" skipped="0">
  <reporter-output>
  </reporter-output>
  <suite started-at="2025-08-24T23:22:58 CLT" name="Surefire suite" finished-at="2025-08-24T23:23:00 CLT" duration-ms="1877">
    <groups>
    </groups>
    <test started-at="2025-08-24T23:22:58 CLT" name="Surefire test" finished-at="2025-08-24T23:23:00 CLT" duration-ms="1877">
      <class name="com.ejemplo.tests.CrossBrowserEdgeTest">
        <test-method is-config="true" signature="setup()[pri:0, instance:com.ejemplo.tests.CrossBrowserEdgeTest@2b4a2ec7]" started-at="2025-08-24T23:22:58 CLT" name="setup" finished-at="2025-08-24T23:22:59 CLT" duration-ms="1138" status="PASS">
          <reporter-output>
          </reporter-output>
        </test-method> <!-- setup -->
        <test-method signature="testAbrirGoogle()[pri:0, instance:com.ejemplo.tests.CrossBrowserEdgeTest@2b4a2ec7]" started-at="2025-08-24T23:22:59 CLT" name="testAbrirGoogle" finished-at="2025-08-24T23:23:00 CLT" duration-ms="596" status="PASS">
          <reporter-output>
          </reporter-output>
        </test-method> <!-- testAbrirGoogle -->
        <test-method is-config="true" signature="tearDown()[pri:0, instance:com.ejemplo.tests.CrossBrowserEdgeTest@2b4a2ec7]" started-at="2025-08-24T23:23:00 CLT" name="tearDown" finished-at="2025-08-24T23:23:00 CLT" duration-ms="111" status="PASS">
          <reporter-output>
          </reporter-output>
        </test-method> <!-- tearDown -->
      </class> <!-- com.ejemplo.tests.CrossBrowserEdgeTest -->
    </test> <!-- Surefire test -->
  </suite> <!-- Surefire suite -->
</testng-results>
