<?xml version="1.0" encoding="UTF-8"?>
<testsuite xmlns:xsi="http://www.w3.org/2001/XMLSchema-instance" xsi:noNamespaceSchemaLocation="https://maven.apache.org/surefire/maven-surefire-plugin/xsd/surefire-test-report-3.0.xsd" version="3.0" name="GreenMarketTest" time="2.028" tests="4" errors="0" skipped="0" failures="0">
  <properties>
[...]
</properties>
  <testcase name="testGetAllUsers" classname="GreenMarketTest" time="1.133"/>
  <testcase name="testUpdateUser" classname="GreenMarketTest" time="0.459"/>
  <testcase name="testCreateUser" classname="GreenMarketTest" time="0.048"/>
  <testcase name="testDeleteUser" classname="GreenMarketTest" time="0.014"/>
</testsuite>