TN:
SF:buscarProducto.js
FN:1,buscarProducto
FNF:1
FNH:1
FNDA:2,buscarProducto
DA:2,2
DA:4,1
LF:2
LH:2
BRF:0
BRH:0
end_of_record
TN:
SF:calculadora.js
FN:1,sumar
FN:4,restar
FN:7,multiplicar
FN:10,dividir
FNF:4
FNH:4
FNDA:2,sumar
FNDA:3,restar
FNDA:1,multiplicar
FNDA:2,dividir
DA:2,2
DA:5,3
DA:8,1
DA:11,2
DA:12,1
DA:14,1
DA:16,1
LF:7
LH:7
BRDA:11,0,0,1
BRDA:11,0,1,1
BRF:2
BRH:2
end_of_record
TN:
SF:calculadoraAvanzada.js
FN:1,potencia
FN:8,raizCuadrada
FNF:2
FNH:2
FNDA:3,potencia
FNDA:3,raizCuadrada
DA:2,3
DA:9,3
DA:10,1
DA:12,2
DA:16,1
LF:5
LH:5
BRDA:9,0,0,1
BRDA:9,0,1,2
BRF:2
BRH:2
end_of_record
TN:
SF:carrito.js
FN:1,agregarProducto
FN:5,vaciarCarrito
FNF:2
FNH:2
FNDA:3,agregarProducto
FNDA:1,vaciarCarrito
DA:2,3
DA:6,1
DA:10,1
LF:3
LH:3
BRF:0
BRH:0
end_of_record
TN:
SF:cliente.js
FN:3,procesarCliente
FNF:1
FNH:1
FNDA:1,procesarCliente
DA:1,1
DA:4,1
DA:7,1
LF:3
LH:3
BRF:0
BRH:0
end_of_record
TN:
SF:contador.js
FN:1,crearContador
FN:5,(anonymous_1)
FN:8,(anonymous_2)
FNF:3
FNH:3
FNDA:3,crearContador
FNDA:3,(anonymous_1)
FNDA:3,(anonymous_2)
DA:2,3
DA:4,3
DA:6,3
DA:9,3
DA:13,1
LF:5
LH:5
BRF:0
BRH:0
end_of_record
TN:
SF:dividir.js
FN:1,dividir
FNF:1
FNH:1
FNDA:2,dividir
DA:2,2
DA:3,1
DA:5,1
DA:7,1
LF:4
LH:4
BRDA:2,0,0,1
BRDA:2,0,1,1
BRF:2
BRH:2
end_of_record
TN:
SF:dividirAsync.js
FN:1,dividirAsync
FN:2,(anonymous_1)
FN:5,(anonymous_2)
FNF:3
FNH:3
FNDA:2,dividirAsync
FNDA:2,(anonymous_1)
FNDA:2,(anonymous_2)
DA:2,2
DA:5,2
DA:6,2
DA:7,1
DA:9,1
DA:15,1
LF:6
LH:6
BRDA:6,0,0,1
BRDA:6,0,1,1
BRF:2
BRH:2
end_of_record
TN:
SF:email.js
FN:1,enviarCorreo
FNF:1
FNH:1
FNDA:1,enviarCorreo
DA:2,1
DA:5,1
LF:2
LH:2
BRF:0
BRH:0
end_of_record
TN:
SF:enviarEmail.js
FN:1,enviarEmail
FNF:1
FNH:0
FNDA:0,enviarEmail
DA:2,0
DA:3,0
DA:5,1
LF:3
LH:1
BRF:0
BRH:0
end_of_record
TN:
SF:esMayorDeEdad.js
FN:1,esMayorDeEdad
FNF:1
FNH:1
FNDA:2,esMayorDeEdad
DA:2,2
DA:6,1
LF:2
LH:2
BRF:0
BRH:0
end_of_record
TN:
SF:esPar.js
FN:1,esPar
FNF:1
FNH:1
FNDA:2,esPar
DA:2,2
DA:4,1
LF:2
LH:2
BRF:0
BRH:0
end_of_record
TN:
SF:esperar.js
FN:2,esperar
FN:3,(anonymous_1)
FNF:2
FNH:2
FNDA:1,esperar
FNDA:1,(anonymous_1)
DA:3,1
DA:6,1
LF:2
LH:2
BRF:0
BRH:0
end_of_record
TN:
SF:eventoPersonalizado.js
FN:1,configurarElementoConEvento
FNF:1
FNH:1
FNDA:1,configurarElementoConEvento
DA:2,1
DA:5,1
LF:2
LH:2
BRF:0
BRH:0
end_of_record
TN:
SF:fetchData.js
FN:1,fetchData
FN:7,(anonymous_1)
FN:8,(anonymous_2)
FNF:3
FNH:3
FNDA:2,fetchData
FNDA:1,(anonymous_1)
FNDA:1,(anonymous_2)
DA:2,2
DA:3,1
DA:7,1
DA:8,1
DA:9,1
DA:14,1
LF:6
LH:6
BRDA:2,0,0,1
BRDA:2,0,1,1
BRF:2
BRH:2
end_of_record
TN:
SF:fetchUsuario.js
FN:9,fetchUsuario
FN:10,(anonymous_1)
FN:11,(anonymous_2)
FNF:3
FNH:3
FNDA:2,fetchUsuario
FNDA:2,(anonymous_1)
FNDA:2,(anonymous_2)
DA:2,1
DA:10,2
DA:11,2
DA:12,2
DA:13,1
DA:15,1
DA:22,1
LF:7
LH:7
BRDA:12,0,0,1
BRDA:12,0,1,1
BRF:2
BRH:2
end_of_record
TN:
SF:formulario.js
FN:1,validarEmail
FN:6,manejarEnvioFormulario
FN:7,(anonymous_2)
FNF:3
FNH:3
FNDA:3,validarEmail
FNDA:1,manejarEnvioFormulario
FNDA:1,(anonymous_2)
DA:2,3
DA:3,3
DA:7,1
DA:8,1
DA:9,1
DA:10,1
DA:11,1
DA:15,0
DA:21,1
LF:9
LH:8
BRDA:10,0,0,1
BRDA:10,0,1,0
BRF:2
BRH:1
end_of_record
TN:
SF:intervalo.js
FN:1,repetirCadaSegundo
FN:2,(anonymous_1)
FNF:2
FNH:2
FNDA:1,repetirCadaSegundo
FNDA:3,(anonymous_1)
DA:2,1
DA:3,3
DA:6,1
DA:9,1
LF:4
LH:4
BRF:0
BRH:0
end_of_record
TN:
SF:limpiarTexto.js
FN:1,limpiarTexto
FNF:1
FNH:1
FNDA:2,limpiarTexto
DA:2,2
DA:4,1
LF:2
LH:2
BRF:0
BRH:0
end_of_record
TN:
SF:login.js
FN:2,login
FNF:1
FNH:1
FNDA:2,login
DA:1,1
DA:3,2
DA:4,1
DA:6,1
DA:8,1
DA:12,1
LF:6
LH:6
BRDA:3,0,0,1
BRDA:3,0,1,1
BRDA:3,1,0,2
BRDA:3,1,1,1
BRF:4
BRH:4
end_of_record
TN:
SF:mayuscula.js
FN:1,mayuscula
FNF:1
FNH:1
FNDA:2,mayuscula
DA:2,2
DA:4,1
LF:2
LH:2
BRF:0
BRH:0
end_of_record
TN:
SF:multiplicacion.js
FN:1,multiplicacion
FNF:1
FNH:1
FNDA:1,multiplicacion
DA:2,1
DA:5,1
LF:2
LH:2
BRF:0
BRH:0
end_of_record
TN:
SF:notificador.js
FN:2,notificarUsuario
FNF:1
FNH:1
FNDA:2,notificarUsuario
DA:1,1
DA:3,2
DA:4,1
DA:6,1
DA:7,1
DA:10,1
LF:6
LH:6
BRDA:3,0,0,1
BRDA:3,0,1,1
BRF:2
BRH:2
end_of_record
TN:
SF:obtenerElemento.js
FN:2,obtenerElemento
FNF:1
FNH:1
FNDA:4,obtenerElemento
DA:3,4
DA:5,1
DA:8,3
DA:9,2
DA:12,1
DA:15,1
LF:6
LH:6
BRDA:3,0,0,1
BRDA:3,0,1,3
BRDA:8,1,0,2
BRDA:8,1,1,1
BRDA:8,2,0,3
BRDA:8,2,1,2
BRF:6
BRH:6
end_of_record
TN:
SF:obtenerUsuario.js
FN:1,obtenerUsuario
FNF:1
FNH:1
FNDA:1,obtenerUsuario
DA:2,1
DA:5,1
LF:2
LH:2
BRF:0
BRH:0
end_of_record
TN:
SF:resta.js
FN:1,resta
FNF:1
FNH:1
FNDA:1,resta
DA:2,1
DA:5,1
LF:2
LH:2
BRF:0
BRH:0
end_of_record
TN:
SF:saludo.js
FN:1,saludarConFecha
FNF:1
FNH:1
FNDA:1,saludarConFecha
DA:2,1
DA:3,1
DA:6,1
DA:7,1
DA:9,0
DA:14,1
LF:6
LH:5
BRDA:6,0,0,1
BRDA:6,0,1,0
BRF:2
BRH:1
end_of_record
TN:
SF:suma.js
FN:1,suma
FNF:1
FNH:1
FNDA:1,suma
DA:2,1
DA:5,1
LF:2
LH:2
BRF:0
BRH:0
end_of_record
TN:
SF:sumarAsync.js
FN:1,sumarAsync
FN:2,(anonymous_1)
FN:3,(anonymous_2)
FNF:3
FNH:3
FNDA:1,sumarAsync
FNDA:1,(anonymous_1)
FNDA:1,(anonymous_2)
DA:2,1
DA:3,1
DA:4,1
DA:8,1
LF:4
LH:4
BRF:0
BRH:0
end_of_record
TN:
SF:sumarLista.js
FN:1,sumarLista
FN:2,(anonymous_1)
FNF:2
FNH:2
FNDA:2,sumarLista
FNDA:3,(anonymous_1)
DA:2,3
DA:4,1
LF:2
LH:2
BRF:0
BRH:0
end_of_record
TN:
SF:teclaListener.js
FN:2,agregarListener
FN:3,(anonymous_1)
FNF:2
FNH:2
FNDA:2,agregarListener
FNDA:3,(anonymous_1)
DA:3,2
DA:5,3
DA:6,1
DA:12,1
LF:4
LH:4
BRDA:5,0,0,1
BRDA:5,0,1,2
BRF:2
BRH:2
end_of_record
TN:
SF:temporizador.js
FN:1,ejecutarConRetraso
FN:3,(anonymous_1)
FNF:2
FNH:2
FNDA:1,ejecutarConRetraso
FNDA:1,(anonymous_1)
DA:3,1
DA:4,1
DA:8,1
LF:3
LH:3
BRF:0
BRH:0
end_of_record
TN:
SF:usuario.js
FN:1,obtenerUsuario
FN:2,(anonymous_1)
FN:3,(anonymous_2)
FNF:3
FNH:3
FNDA:3,obtenerUsuario
FNDA:3,(anonymous_1)
FNDA:3,(anonymous_2)
DA:2,3
DA:3,3
DA:4,3
DA:8,3
DA:10,3
DA:11,2
DA:13,1
DA:19,1
LF:8
LH:8
BRDA:10,0,0,2
BRDA:10,0,1,1
BRF:2
BRH:2
end_of_record
TN:
SF:utils.js
FN:1,saludar
FNF:1
FNH:1
FNDA:1,saludar
DA:2,1
DA:5,1
LF:2
LH:2
BRF:0
BRH:0
end_of_record
TN:
SF:validarContraseña.js
FN:1,validarContraseña
FNF:1
FNH:1
FNDA:3,validarContraseña
DA:2,3
DA:4,1
LF:2
LH:2
BRDA:2,0,0,3
BRDA:2,0,1,2
BRF:2
BRH:2
end_of_record
