{"C:\\Users\\ashle\\OneDrive\\Desktop\\proyecto-testing\\buscarProducto.js": {"path":"C:\\Users\\ashle\\OneDrive\\Desktop\\proyecto-testing\\buscarProducto.js","statementMap":{"0":{"start":{"line":2,"column":4},"end":{"line":2,"column":36}},"1":{"start":{"line":4,"column":0},"end":{"line":4,"column":32}}},"fnMap":{"0":{"name":"buscarProducto","decl":{"start":{"line":1,"column":12},"end":{"line":1,"column":26}},"loc":{"start":{"line":1,"column":44},"end":{"line":3,"column":1}},"line":1}},"branchMap":{},"s":{"0":2,"1":1},"f":{"0":2},"b":{},"_coverageSchema":"1a1c01bbd47fc00a2c39e90264f33305004495a9","hash":"38298543889ae6b08542616265ecf69b675a98c3"}
,"C:\\Users\\ashle\\OneDrive\\Desktop\\proyecto-testing\\calculadora.js": {"path":"C:\\Users\\ashle\\OneDrive\\Desktop\\proyecto-testing\\calculadora.js","statementMap":{"0":{"start":{"line":2,"column":4},"end":{"line":2,"column":17}},"1":{"start":{"line":5,"column":4},"end":{"line":5,"column":17}},"2":{"start":{"line":8,"column":4},"end":{"line":8,"column":17}},"3":{"start":{"line":11,"column":4},"end":{"line":13,"column":5}},"4":{"start":{"line":12,"column":8},"end":{"line":12,"column":56}},"5":{"start":{"line":14,"column":4},"end":{"line":14,"column":17}},"6":{"start":{"line":16,"column":0},"end":{"line":16,"column":55}}},"fnMap":{"0":{"name":"sumar","decl":{"start":{"line":1,"column":9},"end":{"line":1,"column":14}},"loc":{"start":{"line":1,"column":21},"end":{"line":3,"column":1}},"line":1},"1":{"name":"restar","decl":{"start":{"line":4,"column":9},"end":{"line":4,"column":15}},"loc":{"start":{"line":4,"column":22},"end":{"line":6,"column":1}},"line":4},"2":{"name":"multiplicar","decl":{"start":{"line":7,"column":9},"end":{"line":7,"column":20}},"loc":{"start":{"line":7,"column":27},"end":{"line":9,"column":1}},"line":7},"3":{"name":"dividir","decl":{"start":{"line":10,"column":9},"end":{"line":10,"column":16}},"loc":{"start":{"line":10,"column":23},"end":{"line":15,"column":1}},"line":10}},"branchMap":{"0":{"loc":{"start":{"line":11,"column":4},"end":{"line":13,"column":5}},"type":"if","locations":[{"start":{"line":11,"column":4},"end":{"line":13,"column":5}},{"start":{},"end":{}}],"line":11}},"s":{"0":2,"1":3,"2":1,"3":2,"4":1,"5":1,"6":1},"f":{"0":2,"1":3,"2":1,"3":2},"b":{"0":[1,1]},"_coverageSchema":"1a1c01bbd47fc00a2c39e90264f33305004495a9","hash":"dd38679e05de91cbc8006e70066b8ec2810b8ee3"}
,"C:\\Users\\ashle\\OneDrive\\Desktop\\proyecto-testing\\calculadoraAvanzada.js": {"path":"C:\\Users\\ashle\\OneDrive\\Desktop\\proyecto-testing\\calculadoraAvanzada.js","statementMap":{"0":{"start":{"line":2,"column":4},"end":{"line":2,"column":37}},"1":{"start":{"line":9,"column":4},"end":{"line":11,"column":5}},"2":{"start":{"line":10,"column":8},"end":{"line":10,"column":87}},"3":{"start":{"line":12,"column":4},"end":{"line":12,"column":29}},"4":{"start":{"line":16,"column":0},"end":{"line":16,"column":42}}},"fnMap":{"0":{"name":"potencia","decl":{"start":{"line":1,"column":9},"end":{"line":1,"column":17}},"loc":{"start":{"line":1,"column":35},"end":{"line":6,"column":1}},"line":1},"1":{"name":"raizCuadrada","decl":{"start":{"line":8,"column":9},"end":{"line":8,"column":21}},"loc":{"start":{"line":8,"column":30},"end":{"line":14,"column":1}},"line":8}},"branchMap":{"0":{"loc":{"start":{"line":9,"column":4},"end":{"line":11,"column":5}},"type":"if","locations":[{"start":{"line":9,"column":4},"end":{"line":11,"column":5}},{"start":{},"end":{}}],"line":9}},"s":{"0":3,"1":3,"2":1,"3":2,"4":1},"f":{"0":3,"1":3},"b":{"0":[1,2]},"_coverageSchema":"1a1c01bbd47fc00a2c39e90264f33305004495a9","hash":"6141375b126e80245f913260763d9b1f4b8c56f8"}
,"C:\\Users\\ashle\\OneDrive\\Desktop\\proyecto-testing\\carrito.js": {"path":"C:\\Users\\ashle\\OneDrive\\Desktop\\proyecto-testing\\carrito.js","statementMap":{"0":{"start":{"line":2,"column":3},"end":{"line":2,"column":26}},"1":{"start":{"line":6,"column":4},"end":{"line":6,"column":23}},"2":{"start":{"line":10,"column":0},"end":{"line":10,"column":50}}},"fnMap":{"0":{"name":"agregarProducto","decl":{"start":{"line":1,"column":9},"end":{"line":1,"column":24}},"loc":{"start":{"line":1,"column":43},"end":{"line":4,"column":1}},"line":1},"1":{"name":"vaciarCarrito","decl":{"start":{"line":5,"column":9},"end":{"line":5,"column":22}},"loc":{"start":{"line":5,"column":32},"end":{"line":8,"column":1}},"line":5}},"branchMap":{},"s":{"0":3,"1":1,"2":1},"f":{"0":3,"1":1},"b":{},"_coverageSchema":"1a1c01bbd47fc00a2c39e90264f33305004495a9","hash":"9ed9b84122fd0bd2e0d86dfeb06372abaed5da40"}
,"C:\\Users\\ashle\\OneDrive\\Desktop\\proyecto-testing\\cliente.js": {"path":"C:\\Users\\ashle\\OneDrive\\Desktop\\proyecto-testing\\cliente.js","statementMap":{"0":{"start":{"line":1,"column":14},"end":{"line":1,"column":32}},"1":{"start":{"line":4,"column":2},"end":{"line":4,"column":45}},"2":{"start":{"line":7,"column":0},"end":{"line":7,"column":33}}},"fnMap":{"0":{"name":"procesarCliente","decl":{"start":{"line":3,"column":9},"end":{"line":3,"column":24}},"loc":{"start":{"line":3,"column":33},"end":{"line":5,"column":1}},"line":3}},"branchMap":{},"s":{"0":1,"1":1,"2":1},"f":{"0":1},"b":{},"_coverageSchema":"1a1c01bbd47fc00a2c39e90264f33305004495a9","hash":"ba47391dffd2ebf943d446cc7f96d33d26af3ba2"}
,"C:\\Users\\ashle\\OneDrive\\Desktop\\proyecto-testing\\contador.js": {"path":"C:\\Users\\ashle\\OneDrive\\Desktop\\proyecto-testing\\contador.js","statementMap":{"0":{"start":{"line":2,"column":16},"end":{"line":2,"column":17}},"1":{"start":{"line":4,"column":4},"end":{"line":11,"column":6}},"2":{"start":{"line":6,"column":12},"end":{"line":6,"column":21}},"3":{"start":{"line":9,"column":12},"end":{"line":9,"column":25}},"4":{"start":{"line":13,"column":0},"end":{"line":13,"column":31}}},"fnMap":{"0":{"name":"crearContador","decl":{"start":{"line":1,"column":12},"end":{"line":1,"column":25}},"loc":{"start":{"line":1,"column":28},"end":{"line":12,"column":1}},"line":1},"1":{"name":"(anonymous_1)","decl":{"start":{"line":5,"column":8},"end":{"line":5,"column":9}},"loc":{"start":{"line":5,"column":22},"end":{"line":7,"column":9}},"line":5},"2":{"name":"(anonymous_2)","decl":{"start":{"line":8,"column":17},"end":{"line":8,"column":18}},"loc":{"start":{"line":8,"column":28},"end":{"line":10,"column":9}},"line":8}},"branchMap":{},"s":{"0":3,"1":3,"2":3,"3":3,"4":1},"f":{"0":3,"1":3,"2":3},"b":{},"_coverageSchema":"1a1c01bbd47fc00a2c39e90264f33305004495a9","hash":"0a5960aa823a51151533d85158ca53703dee311c"}
,"C:\\Users\\ashle\\OneDrive\\Desktop\\proyecto-testing\\dividir.js": {"path":"C:\\Users\\ashle\\OneDrive\\Desktop\\proyecto-testing\\dividir.js","statementMap":{"0":{"start":{"line":2,"column":4},"end":{"line":4,"column":5}},"1":{"start":{"line":3,"column":7},"end":{"line":3,"column":56}},"2":{"start":{"line":5,"column":4},"end":{"line":5,"column":17}},"3":{"start":{"line":7,"column":0},"end":{"line":7,"column":25}}},"fnMap":{"0":{"name":"dividir","decl":{"start":{"line":1,"column":9},"end":{"line":1,"column":16}},"loc":{"start":{"line":1,"column":23},"end":{"line":6,"column":1}},"line":1}},"branchMap":{"0":{"loc":{"start":{"line":2,"column":4},"end":{"line":4,"column":5}},"type":"if","locations":[{"start":{"line":2,"column":4},"end":{"line":4,"column":5}},{"start":{},"end":{}}],"line":2}},"s":{"0":2,"1":1,"2":1,"3":1},"f":{"0":2},"b":{"0":[1,1]},"_coverageSchema":"1a1c01bbd47fc00a2c39e90264f33305004495a9","hash":"6373b53a007d17bba716a111d338b1e2755e69af"}
,"C:\\Users\\ashle\\OneDrive\\Desktop\\proyecto-testing\\dividirAsync.js": {"path":"C:\\Users\\ashle\\OneDrive\\Desktop\\proyecto-testing\\dividirAsync.js","statementMap":{"0":{"start":{"line":2,"column":2},"end":{"line":12,"column":5}},"1":{"start":{"line":5,"column":4},"end":{"line":11,"column":12}},"2":{"start":{"line":6,"column":6},"end":{"line":10,"column":7}},"3":{"start":{"line":7,"column":8},"end":{"line":7,"column":58}},"4":{"start":{"line":9,"column":8},"end":{"line":9,"column":23}},"5":{"start":{"line":15,"column":0},"end":{"line":15,"column":30}}},"fnMap":{"0":{"name":"dividirAsync","decl":{"start":{"line":1,"column":9},"end":{"line":1,"column":21}},"loc":{"start":{"line":1,"column":28},"end":{"line":13,"column":1}},"line":1},"1":{"name":"(anonymous_1)","decl":{"start":{"line":2,"column":21},"end":{"line":2,"column":22}},"loc":{"start":{"line":2,"column":42},"end":{"line":12,"column":3}},"line":2},"2":{"name":"(anonymous_2)","decl":{"start":{"line":5,"column":15},"end":{"line":5,"column":16}},"loc":{"start":{"line":5,"column":21},"end":{"line":11,"column":5}},"line":5}},"branchMap":{"0":{"loc":{"start":{"line":6,"column":6},"end":{"line":10,"column":7}},"type":"if","locations":[{"start":{"line":6,"column":6},"end":{"line":10,"column":7}},{"start":{"line":8,"column":13},"end":{"line":10,"column":7}}],"line":6}},"s":{"0":2,"1":2,"2":2,"3":1,"4":1,"5":1},"f":{"0":2,"1":2,"2":2},"b":{"0":[1,1]},"_coverageSchema":"1a1c01bbd47fc00a2c39e90264f33305004495a9","hash":"72abdb36e8b50381f5a083f17f046bfdeae04bb3"}
,"C:\\Users\\ashle\\OneDrive\\Desktop\\proyecto-testing\\email.js": {"path":"C:\\Users\\ashle\\OneDrive\\Desktop\\proyecto-testing\\email.js","statementMap":{"0":{"start":{"line":2,"column":4},"end":{"line":2,"column":48}},"1":{"start":{"line":5,"column":1},"end":{"line":5,"column":33}}},"fnMap":{"0":{"name":"enviarCorreo","decl":{"start":{"line":1,"column":9},"end":{"line":1,"column":21}},"loc":{"start":{"line":1,"column":31},"end":{"line":4,"column":1}},"line":1}},"branchMap":{},"s":{"0":1,"1":1},"f":{"0":1},"b":{},"_coverageSchema":"1a1c01bbd47fc00a2c39e90264f33305004495a9","hash":"0b9d201330f146042b6820113df6d3fcd00add33"}
,"C:\\Users\\ashle\\OneDrive\\Desktop\\proyecto-testing\\enviarEmail.js": {"path":"C:\\Users\\ashle\\OneDrive\\Desktop\\proyecto-testing\\enviarEmail.js","statementMap":{"0":{"start":{"line":2,"column":2},"end":{"line":2,"column":62}},"1":{"start":{"line":3,"column":2},"end":{"line":3,"column":14}},"2":{"start":{"line":5,"column":0},"end":{"line":5,"column":29}}},"fnMap":{"0":{"name":"enviarEmail","decl":{"start":{"line":1,"column":9},"end":{"line":1,"column":20}},"loc":{"start":{"line":1,"column":44},"end":{"line":4,"column":1}},"line":1}},"branchMap":{},"s":{"0":0,"1":0,"2":1},"f":{"0":0},"b":{},"_coverageSchema":"1a1c01bbd47fc00a2c39e90264f33305004495a9","hash":"4da5f167dec34e774f95fabf1575e00a8b417b53"}
,"C:\\Users\\ashle\\OneDrive\\Desktop\\proyecto-testing\\esMayorDeEdad.js": {"path":"C:\\Users\\ashle\\OneDrive\\Desktop\\proyecto-testing\\esMayorDeEdad.js","statementMap":{"0":{"start":{"line":2,"column":4},"end":{"line":2,"column":22}},"1":{"start":{"line":6,"column":0},"end":{"line":6,"column":31}}},"fnMap":{"0":{"name":"esMayorDeEdad","decl":{"start":{"line":1,"column":9},"end":{"line":1,"column":22}},"loc":{"start":{"line":1,"column":29},"end":{"line":4,"column":1}},"line":1}},"branchMap":{},"s":{"0":2,"1":1},"f":{"0":2},"b":{},"_coverageSchema":"1a1c01bbd47fc00a2c39e90264f33305004495a9","hash":"479326adf347ecb22ef2d0f7b371fa22bafbd450"}
,"C:\\Users\\ashle\\OneDrive\\Desktop\\proyecto-testing\\esPar.js": {"path":"C:\\Users\\ashle\\OneDrive\\Desktop\\proyecto-testing\\esPar.js","statementMap":{"0":{"start":{"line":2,"column":4},"end":{"line":2,"column":23}},"1":{"start":{"line":4,"column":0},"end":{"line":4,"column":23}}},"fnMap":{"0":{"name":"esPar","decl":{"start":{"line":1,"column":9},"end":{"line":1,"column":14}},"loc":{"start":{"line":1,"column":18},"end":{"line":3,"column":1}},"line":1}},"branchMap":{},"s":{"0":2,"1":1},"f":{"0":2},"b":{},"_coverageSchema":"1a1c01bbd47fc00a2c39e90264f33305004495a9","hash":"038b56b761ca9e7b21886c8635f25c0d3ecdda6f"}
,"C:\\Users\\ashle\\OneDrive\\Desktop\\proyecto-testing\\esperar.js": {"path":"C:\\Users\\ashle\\OneDrive\\Desktop\\proyecto-testing\\esperar.js","statementMap":{"0":{"start":{"line":3,"column":2},"end":{"line":3,"column":59}},"1":{"start":{"line":3,"column":34},"end":{"line":3,"column":57}},"2":{"start":{"line":6,"column":0},"end":{"line":6,"column":25}}},"fnMap":{"0":{"name":"esperar","decl":{"start":{"line":2,"column":9},"end":{"line":2,"column":16}},"loc":{"start":{"line":2,"column":21},"end":{"line":4,"column":1}},"line":2},"1":{"name":"(anonymous_1)","decl":{"start":{"line":3,"column":21},"end":{"line":3,"column":22}},"loc":{"start":{"line":3,"column":34},"end":{"line":3,"column":57}},"line":3}},"branchMap":{},"s":{"0":1,"1":1,"2":1},"f":{"0":1,"1":1},"b":{},"_coverageSchema":"1a1c01bbd47fc00a2c39e90264f33305004495a9","hash":"571acf37d0d4750544db830995d14b13f6058b1a"}
,"C:\\Users\\ashle\\OneDrive\\Desktop\\proyecto-testing\\eventoPersonalizado.js": {"path":"C:\\Users\\ashle\\OneDrive\\Desktop\\proyecto-testing\\eventoPersonalizado.js","statementMap":{"0":{"start":{"line":2,"column":2},"end":{"line":2,"column":56}},"1":{"start":{"line":5,"column":0},"end":{"line":5,"column":45}}},"fnMap":{"0":{"name":"configurarElementoConEvento","decl":{"start":{"line":1,"column":9},"end":{"line":1,"column":36}},"loc":{"start":{"line":1,"column":57},"end":{"line":3,"column":1}},"line":1}},"branchMap":{},"s":{"0":1,"1":1},"f":{"0":1},"b":{},"_coverageSchema":"1a1c01bbd47fc00a2c39e90264f33305004495a9","hash":"3c475f998bbb201c148c935164a627c1c5255118"}
,"C:\\Users\\ashle\\OneDrive\\Desktop\\proyecto-testing\\fetchData.js": {"path":"C:\\Users\\ashle\\OneDrive\\Desktop\\proyecto-testing\\fetchData.js","statementMap":{"0":{"start":{"line":2,"column":2},"end":{"line":4,"column":3}},"1":{"start":{"line":3,"column":4},"end":{"line":3,"column":51}},"2":{"start":{"line":7,"column":2},"end":{"line":11,"column":5}},"3":{"start":{"line":8,"column":4},"end":{"line":10,"column":12}},"4":{"start":{"line":9,"column":6},"end":{"line":9,"column":44}},"5":{"start":{"line":14,"column":0},"end":{"line":14,"column":27}}},"fnMap":{"0":{"name":"fetchData","decl":{"start":{"line":1,"column":15},"end":{"line":1,"column":24}},"loc":{"start":{"line":1,"column":30},"end":{"line":12,"column":1}},"line":1},"1":{"name":"(anonymous_1)","decl":{"start":{"line":7,"column":21},"end":{"line":7,"column":22}},"loc":{"start":{"line":7,"column":34},"end":{"line":11,"column":3}},"line":7},"2":{"name":"(anonymous_2)","decl":{"start":{"line":8,"column":15},"end":{"line":8,"column":16}},"loc":{"start":{"line":8,"column":21},"end":{"line":10,"column":5}},"line":8}},"branchMap":{"0":{"loc":{"start":{"line":2,"column":2},"end":{"line":4,"column":3}},"type":"if","locations":[{"start":{"line":2,"column":2},"end":{"line":4,"column":3}},{"start":{},"end":{}}],"line":2}},"s":{"0":2,"1":1,"2":1,"3":1,"4":1,"5":1},"f":{"0":2,"1":1,"2":1},"b":{"0":[1,1]},"_coverageSchema":"1a1c01bbd47fc00a2c39e90264f33305004495a9","hash":"bb9c39f5986b22ae24c0f22806c83156d62b2b57"}
,"C:\\Users\\ashle\\OneDrive\\Desktop\\proyecto-testing\\fetchUsuario.js": {"path":"C:\\Users\\ashle\\OneDrive\\Desktop\\proyecto-testing\\fetchUsuario.js","statementMap":{"0":{"start":{"line":2,"column":17},"end":{"line":5,"column":1}},"1":{"start":{"line":10,"column":4},"end":{"line":18,"column":7}},"2":{"start":{"line":11,"column":8},"end":{"line":17,"column":16}},"3":{"start":{"line":12,"column":12},"end":{"line":16,"column":13}},"4":{"start":{"line":13,"column":16},"end":{"line":13,"column":38}},"5":{"start":{"line":15,"column":16},"end":{"line":15,"column":59}},"6":{"start":{"line":22,"column":0},"end":{"line":22,"column":30}}},"fnMap":{"0":{"name":"fetchUsuario","decl":{"start":{"line":9,"column":15},"end":{"line":9,"column":27}},"loc":{"start":{"line":9,"column":32},"end":{"line":19,"column":1}},"line":9},"1":{"name":"(anonymous_1)","decl":{"start":{"line":10,"column":23},"end":{"line":10,"column":24}},"loc":{"start":{"line":10,"column":44},"end":{"line":18,"column":5}},"line":10},"2":{"name":"(anonymous_2)","decl":{"start":{"line":11,"column":19},"end":{"line":11,"column":20}},"loc":{"start":{"line":11,"column":25},"end":{"line":17,"column":9}},"line":11}},"branchMap":{"0":{"loc":{"start":{"line":12,"column":12},"end":{"line":16,"column":13}},"type":"if","locations":[{"start":{"line":12,"column":12},"end":{"line":16,"column":13}},{"start":{"line":14,"column":19},"end":{"line":16,"column":13}}],"line":12}},"s":{"0":1,"1":2,"2":2,"3":2,"4":1,"5":1,"6":1},"f":{"0":2,"1":2,"2":2},"b":{"0":[1,1]},"_coverageSchema":"1a1c01bbd47fc00a2c39e90264f33305004495a9","hash":"e60bdd40765e6e6f4a5827ab814ba9cd190af480"}
,"C:\\Users\\ashle\\OneDrive\\Desktop\\proyecto-testing\\formulario.js": {"path":"C:\\Users\\ashle\\OneDrive\\Desktop\\proyecto-testing\\formulario.js","statementMap":{"0":{"start":{"line":2,"column":18},"end":{"line":2,"column":46}},"1":{"start":{"line":3,"column":4},"end":{"line":3,"column":29}},"2":{"start":{"line":7,"column":4},"end":{"line":18,"column":7}},"3":{"start":{"line":8,"column":8},"end":{"line":8,"column":27}},"4":{"start":{"line":9,"column":22},"end":{"line":9,"column":69}},"5":{"start":{"line":10,"column":8},"end":{"line":17,"column":13}},"6":{"start":{"line":11,"column":12},"end":{"line":11,"column":43}},"7":{"start":{"line":15,"column":16},"end":{"line":15,"column":33}},"8":{"start":{"line":21,"column":0},"end":{"line":21,"column":58}}},"fnMap":{"0":{"name":"validarEmail","decl":{"start":{"line":1,"column":9},"end":{"line":1,"column":21}},"loc":{"start":{"line":1,"column":29},"end":{"line":4,"column":1}},"line":1},"1":{"name":"manejarEnvioFormulario","decl":{"start":{"line":6,"column":9},"end":{"line":6,"column":31}},"loc":{"start":{"line":6,"column":52},"end":{"line":19,"column":1}},"line":6},"2":{"name":"(anonymous_2)","decl":{"start":{"line":7,"column":36},"end":{"line":7,"column":37}},"loc":{"start":{"line":7,"column":43},"end":{"line":18,"column":5}},"line":7}},"branchMap":{"0":{"loc":{"start":{"line":10,"column":8},"end":{"line":17,"column":13}},"type":"if","locations":[{"start":{"line":10,"column":8},"end":{"line":17,"column":13}},{"start":{"line":14,"column":19},"end":{"line":17,"column":13}}],"line":10}},"s":{"0":3,"1":3,"2":1,"3":1,"4":1,"5":1,"6":1,"7":0,"8":1},"f":{"0":3,"1":1,"2":1},"b":{"0":[1,0]},"_coverageSchema":"1a1c01bbd47fc00a2c39e90264f33305004495a9","hash":"caccee254ae0273b58811164c215708c5d6d1485"}
,"C:\\Users\\ashle\\OneDrive\\Desktop\\proyecto-testing\\intervalo.js": {"path":"C:\\Users\\ashle\\OneDrive\\Desktop\\proyecto-testing\\intervalo.js","statementMap":{"0":{"start":{"line":2,"column":13},"end":{"line":4,"column":10}},"1":{"start":{"line":3,"column":4},"end":{"line":3,"column":15}},"2":{"start":{"line":6,"column":2},"end":{"line":6,"column":12}},"3":{"start":{"line":9,"column":0},"end":{"line":9,"column":36}}},"fnMap":{"0":{"name":"repetirCadaSegundo","decl":{"start":{"line":1,"column":9},"end":{"line":1,"column":27}},"loc":{"start":{"line":1,"column":38},"end":{"line":7,"column":1}},"line":1},"1":{"name":"(anonymous_1)","decl":{"start":{"line":2,"column":25},"end":{"line":2,"column":26}},"loc":{"start":{"line":2,"column":31},"end":{"line":4,"column":3}},"line":2}},"branchMap":{},"s":{"0":1,"1":3,"2":1,"3":1},"f":{"0":1,"1":3},"b":{},"_coverageSchema":"1a1c01bbd47fc00a2c39e90264f33305004495a9","hash":"862aa5e63662323f9529097630a1fcde2ac22e54"}
,"C:\\Users\\ashle\\OneDrive\\Desktop\\proyecto-testing\\limpiarTexto.js": {"path":"C:\\Users\\ashle\\OneDrive\\Desktop\\proyecto-testing\\limpiarTexto.js","statementMap":{"0":{"start":{"line":2,"column":4},"end":{"line":2,"column":24}},"1":{"start":{"line":4,"column":0},"end":{"line":4,"column":30}}},"fnMap":{"0":{"name":"limpiarTexto","decl":{"start":{"line":1,"column":9},"end":{"line":1,"column":21}},"loc":{"start":{"line":1,"column":29},"end":{"line":3,"column":1}},"line":1}},"branchMap":{},"s":{"0":2,"1":1},"f":{"0":2},"b":{},"_coverageSchema":"1a1c01bbd47fc00a2c39e90264f33305004495a9","hash":"6beb02807b89585a8aebe5e77c26bb5fdbe7caab"}
,"C:\\Users\\ashle\\OneDrive\\Desktop\\proyecto-testing\\login.js": {"path":"C:\\Users\\ashle\\OneDrive\\Desktop\\proyecto-testing\\login.js","statementMap":{"0":{"start":{"line":1,"column":14},"end":{"line":1,"column":32}},"1":{"start":{"line":3,"column":4},"end":{"line":10,"column":1}},"2":{"start":{"line":4,"column":8},"end":{"line":4,"column":36}},"3":{"start":{"line":6,"column":4},"end":{"line":6,"column":29}},"4":{"start":{"line":8,"column":8},"end":{"line":8,"column":32}},"5":{"start":{"line":12,"column":0},"end":{"line":12,"column":23}}},"fnMap":{"0":{"name":"login","decl":{"start":{"line":2,"column":9},"end":{"line":2,"column":14}},"loc":{"start":{"line":2,"column":36},"end":{"line":11,"column":1}},"line":2}},"branchMap":{"0":{"loc":{"start":{"line":3,"column":4},"end":{"line":10,"column":1}},"type":"if","locations":[{"start":{"line":3,"column":4},"end":{"line":10,"column":1}},{"start":{"line":7,"column":11},"end":{"line":10,"column":1}}],"line":3},"1":{"loc":{"start":{"line":3,"column":8},"end":{"line":3,"column":50}},"type":"binary-expr","locations":[{"start":{"line":3,"column":8},"end":{"line":3,"column":26}},{"start":{"line":3,"column":30},"end":{"line":3,"column":50}}],"line":3}},"s":{"0":1,"1":2,"2":1,"3":1,"4":1,"5":1},"f":{"0":2},"b":{"0":[1,1],"1":[2,1]},"_coverageSchema":"1a1c01bbd47fc00a2c39e90264f33305004495a9","hash":"a8d1849135c02a2754a285b7db7314be0ed343c2"}
,"C:\\Users\\ashle\\OneDrive\\Desktop\\proyecto-testing\\mayuscula.js": {"path":"C:\\Users\\ashle\\OneDrive\\Desktop\\proyecto-testing\\mayuscula.js","statementMap":{"0":{"start":{"line":2,"column":4},"end":{"line":2,"column":31}},"1":{"start":{"line":4,"column":0},"end":{"line":4,"column":27}}},"fnMap":{"0":{"name":"mayuscula","decl":{"start":{"line":1,"column":9},"end":{"line":1,"column":18}},"loc":{"start":{"line":1,"column":26},"end":{"line":3,"column":1}},"line":1}},"branchMap":{},"s":{"0":2,"1":1},"f":{"0":2},"b":{},"_coverageSchema":"1a1c01bbd47fc00a2c39e90264f33305004495a9","hash":"b190299bd85bb0d2895778b9366759e8365e8e2c"}
,"C:\\Users\\ashle\\OneDrive\\Desktop\\proyecto-testing\\multiplicacion.js": {"path":"C:\\Users\\ashle\\OneDrive\\Desktop\\proyecto-testing\\multiplicacion.js","statementMap":{"0":{"start":{"line":2,"column":4},"end":{"line":2,"column":17}},"1":{"start":{"line":5,"column":0},"end":{"line":5,"column":32}}},"fnMap":{"0":{"name":"multiplicacion","decl":{"start":{"line":1,"column":9},"end":{"line":1,"column":23}},"loc":{"start":{"line":1,"column":30},"end":{"line":4,"column":1}},"line":1}},"branchMap":{},"s":{"0":1,"1":1},"f":{"0":1},"b":{},"_coverageSchema":"1a1c01bbd47fc00a2c39e90264f33305004495a9","hash":"5d4f5dec9f5444889cc640aeb610381c83a26746"}
,"C:\\Users\\ashle\\OneDrive\\Desktop\\proyecto-testing\\notificador.js": {"path":"C:\\Users\\ashle\\OneDrive\\Desktop\\proyecto-testing\\notificador.js","statementMap":{"0":{"start":{"line":1,"column":20},"end":{"line":1,"column":44}},"1":{"start":{"line":3,"column":2},"end":{"line":5,"column":3}},"2":{"start":{"line":4,"column":4},"end":{"line":4,"column":41}},"3":{"start":{"line":6,"column":18},"end":{"line":6,"column":45}},"4":{"start":{"line":7,"column":2},"end":{"line":7,"column":45}},"5":{"start":{"line":10,"column":0},"end":{"line":10,"column":34}}},"fnMap":{"0":{"name":"notificarUsuario","decl":{"start":{"line":2,"column":9},"end":{"line":2,"column":25}},"loc":{"start":{"line":2,"column":35},"end":{"line":8,"column":1}},"line":2}},"branchMap":{"0":{"loc":{"start":{"line":3,"column":2},"end":{"line":5,"column":3}},"type":"if","locations":[{"start":{"line":3,"column":2},"end":{"line":5,"column":3}},{"start":{},"end":{}}],"line":3}},"s":{"0":1,"1":2,"2":1,"3":1,"4":1,"5":1},"f":{"0":2},"b":{"0":[1,1]},"_coverageSchema":"1a1c01bbd47fc00a2c39e90264f33305004495a9","hash":"7c97619b631f3bef1cec818f2bd6d121afce367b"}
,"C:\\Users\\ashle\\OneDrive\\Desktop\\proyecto-testing\\obtenerElemento.js": {"path":"C:\\Users\\ashle\\OneDrive\\Desktop\\proyecto-testing\\obtenerElemento.js","statementMap":{"0":{"start":{"line":3,"column":2},"end":{"line":6,"column":3}},"1":{"start":{"line":5,"column":4},"end":{"line":5,"column":61}},"2":{"start":{"line":8,"column":2},"end":{"line":10,"column":3}},"3":{"start":{"line":9,"column":4},"end":{"line":9,"column":45}},"4":{"start":{"line":12,"column":2},"end":{"line":12,"column":22}},"5":{"start":{"line":15,"column":0},"end":{"line":15,"column":33}}},"fnMap":{"0":{"name":"obtenerElemento","decl":{"start":{"line":2,"column":9},"end":{"line":2,"column":24}},"loc":{"start":{"line":2,"column":39},"end":{"line":13,"column":1}},"line":2}},"branchMap":{"0":{"loc":{"start":{"line":3,"column":2},"end":{"line":6,"column":3}},"type":"if","locations":[{"start":{"line":3,"column":2},"end":{"line":6,"column":3}},{"start":{},"end":{}}],"line":3},"1":{"loc":{"start":{"line":8,"column":2},"end":{"line":10,"column":3}},"type":"if","locations":[{"start":{"line":8,"column":2},"end":{"line":10,"column":3}},{"start":{},"end":{}}],"line":8},"2":{"loc":{"start":{"line":8,"column":6},"end":{"line":8,"column":40}},"type":"binary-expr","locations":[{"start":{"line":8,"column":6},"end":{"line":8,"column":15}},{"start":{"line":8,"column":19},"end":{"line":8,"column":40}}],"line":8}},"s":{"0":4,"1":1,"2":3,"3":2,"4":1,"5":1},"f":{"0":4},"b":{"0":[1,3],"1":[2,1],"2":[3,2]},"_coverageSchema":"1a1c01bbd47fc00a2c39e90264f33305004495a9","hash":"f5c439b91b547ce6e883226deae288645c4b29fe"}
,"C:\\Users\\ashle\\OneDrive\\Desktop\\proyecto-testing\\obtenerUsuario.js": {"path":"C:\\Users\\ashle\\OneDrive\\Desktop\\proyecto-testing\\obtenerUsuario.js","statementMap":{"0":{"start":{"line":2,"column":4},"end":{"line":2,"column":42}},"1":{"start":{"line":5,"column":0},"end":{"line":5,"column":32}}},"fnMap":{"0":{"name":"obtenerUsuario","decl":{"start":{"line":1,"column":9},"end":{"line":1,"column":23}},"loc":{"start":{"line":1,"column":26},"end":{"line":3,"column":10}},"line":1}},"branchMap":{},"s":{"0":1,"1":1},"f":{"0":1},"b":{},"_coverageSchema":"1a1c01bbd47fc00a2c39e90264f33305004495a9","hash":"12e00ba3b6dbbb421fdbe3ada1515f77bb5dbb87"}
,"C:\\Users\\ashle\\OneDrive\\Desktop\\proyecto-testing\\resta.js": {"path":"C:\\Users\\ashle\\OneDrive\\Desktop\\proyecto-testing\\resta.js","statementMap":{"0":{"start":{"line":2,"column":4},"end":{"line":2,"column":17}},"1":{"start":{"line":5,"column":0},"end":{"line":5,"column":23}}},"fnMap":{"0":{"name":"resta","decl":{"start":{"line":1,"column":9},"end":{"line":1,"column":14}},"loc":{"start":{"line":1,"column":21},"end":{"line":4,"column":1}},"line":1}},"branchMap":{},"s":{"0":1,"1":1},"f":{"0":1},"b":{},"_coverageSchema":"1a1c01bbd47fc00a2c39e90264f33305004495a9","hash":"a1cf031d4204c8c584fd083a689bcc362ca11102"}
,"C:\\Users\\ashle\\OneDrive\\Desktop\\proyecto-testing\\saludo.js": {"path":"C:\\Users\\ashle\\OneDrive\\Desktop\\proyecto-testing\\saludo.js","statementMap":{"0":{"start":{"line":2,"column":16},"end":{"line":2,"column":26}},"1":{"start":{"line":3,"column":15},"end":{"line":3,"column":31}},"2":{"start":{"line":6,"column":2},"end":{"line":10,"column":3}},"3":{"start":{"line":7,"column":4},"end":{"line":7,"column":25}},"4":{"start":{"line":9,"column":4},"end":{"line":9,"column":27}},"5":{"start":{"line":14,"column":0},"end":{"line":14,"column":33}}},"fnMap":{"0":{"name":"saludarConFecha","decl":{"start":{"line":1,"column":9},"end":{"line":1,"column":24}},"loc":{"start":{"line":1,"column":27},"end":{"line":11,"column":1}},"line":1}},"branchMap":{"0":{"loc":{"start":{"line":6,"column":2},"end":{"line":10,"column":3}},"type":"if","locations":[{"start":{"line":6,"column":2},"end":{"line":10,"column":3}},{"start":{"line":8,"column":9},"end":{"line":10,"column":3}}],"line":6}},"s":{"0":1,"1":1,"2":1,"3":1,"4":0,"5":1},"f":{"0":1},"b":{"0":[1,0]},"_coverageSchema":"1a1c01bbd47fc00a2c39e90264f33305004495a9","hash":"94e8e325b61dc99f72c71ff0a71ce03045d34b8f"}
,"C:\\Users\\ashle\\OneDrive\\Desktop\\proyecto-testing\\suma.js": {"path":"C:\\Users\\ashle\\OneDrive\\Desktop\\proyecto-testing\\suma.js","statementMap":{"0":{"start":{"line":2,"column":4},"end":{"line":2,"column":17}},"1":{"start":{"line":5,"column":0},"end":{"line":5,"column":22}}},"fnMap":{"0":{"name":"suma","decl":{"start":{"line":1,"column":9},"end":{"line":1,"column":13}},"loc":{"start":{"line":1,"column":20},"end":{"line":4,"column":1}},"line":1}},"branchMap":{},"s":{"0":1,"1":1},"f":{"0":1},"b":{},"_coverageSchema":"1a1c01bbd47fc00a2c39e90264f33305004495a9","hash":"a7a6f6c0fd1b86132641a39f5cbf7493a6451945"}
,"C:\\Users\\ashle\\OneDrive\\Desktop\\proyecto-testing\\sumarAsync.js": {"path":"C:\\Users\\ashle\\OneDrive\\Desktop\\proyecto-testing\\sumarAsync.js","statementMap":{"0":{"start":{"line":2,"column":2},"end":{"line":6,"column":5}},"1":{"start":{"line":3,"column":4},"end":{"line":5,"column":13}},"2":{"start":{"line":4,"column":6},"end":{"line":4,"column":21}},"3":{"start":{"line":8,"column":0},"end":{"line":8,"column":28}}},"fnMap":{"0":{"name":"sumarAsync","decl":{"start":{"line":1,"column":9},"end":{"line":1,"column":19}},"loc":{"start":{"line":1,"column":26},"end":{"line":7,"column":1}},"line":1},"1":{"name":"(anonymous_1)","decl":{"start":{"line":2,"column":21},"end":{"line":2,"column":22}},"loc":{"start":{"line":2,"column":34},"end":{"line":6,"column":3}},"line":2},"2":{"name":"(anonymous_2)","decl":{"start":{"line":3,"column":15},"end":{"line":3,"column":16}},"loc":{"start":{"line":3,"column":21},"end":{"line":5,"column":5}},"line":3}},"branchMap":{},"s":{"0":1,"1":1,"2":1,"3":1},"f":{"0":1,"1":1,"2":1},"b":{},"_coverageSchema":"1a1c01bbd47fc00a2c39e90264f33305004495a9","hash":"37a14da593e4d6c03f367d847d1827992012774b"}
,"C:\\Users\\ashle\\OneDrive\\Desktop\\proyecto-testing\\sumarLista.js": {"path":"C:\\Users\\ashle\\OneDrive\\Desktop\\proyecto-testing\\sumarLista.js","statementMap":{"0":{"start":{"line":2,"column":4},"end":{"line":2,"column":62}},"1":{"start":{"line":2,"column":41},"end":{"line":2,"column":54}},"2":{"start":{"line":4,"column":0},"end":{"line":4,"column":28}}},"fnMap":{"0":{"name":"sumarLista","decl":{"start":{"line":1,"column":9},"end":{"line":1,"column":19}},"loc":{"start":{"line":1,"column":27},"end":{"line":3,"column":1}},"line":1},"1":{"name":"(anonymous_1)","decl":{"start":{"line":2,"column":24},"end":{"line":2,"column":25}},"loc":{"start":{"line":2,"column":41},"end":{"line":2,"column":54}},"line":2}},"branchMap":{},"s":{"0":2,"1":3,"2":1},"f":{"0":2,"1":3},"b":{},"_coverageSchema":"1a1c01bbd47fc00a2c39e90264f33305004495a9","hash":"814ab873db77bf211e21c582551d22112aef748e"}
,"C:\\Users\\ashle\\OneDrive\\Desktop\\proyecto-testing\\teclaListener.js": {"path":"C:\\Users\\ashle\\OneDrive\\Desktop\\proyecto-testing\\teclaListener.js","statementMap":{"0":{"start":{"line":3,"column":2},"end":{"line":8,"column":5}},"1":{"start":{"line":5,"column":4},"end":{"line":7,"column":5}},"2":{"start":{"line":6,"column":6},"end":{"line":6,"column":17}},"3":{"start":{"line":12,"column":0},"end":{"line":12,"column":33}}},"fnMap":{"0":{"name":"agregarListener","decl":{"start":{"line":2,"column":9},"end":{"line":2,"column":24}},"loc":{"start":{"line":2,"column":35},"end":{"line":9,"column":1}},"line":2},"1":{"name":"(anonymous_1)","decl":{"start":{"line":3,"column":39},"end":{"line":3,"column":40}},"loc":{"start":{"line":3,"column":50},"end":{"line":8,"column":3}},"line":3}},"branchMap":{"0":{"loc":{"start":{"line":5,"column":4},"end":{"line":7,"column":5}},"type":"if","locations":[{"start":{"line":5,"column":4},"end":{"line":7,"column":5}},{"start":{},"end":{}}],"line":5}},"s":{"0":2,"1":3,"2":1,"3":1},"f":{"0":2,"1":3},"b":{"0":[1,2]},"_coverageSchema":"1a1c01bbd47fc00a2c39e90264f33305004495a9","hash":"60bf53b3f0a2f1c752189b1f5f3efb713070c758"}
,"C:\\Users\\ashle\\OneDrive\\Desktop\\proyecto-testing\\temporizador.js": {"path":"C:\\Users\\ashle\\OneDrive\\Desktop\\proyecto-testing\\temporizador.js","statementMap":{"0":{"start":{"line":3,"column":4},"end":{"line":5,"column":11}},"1":{"start":{"line":4,"column":4},"end":{"line":4,"column":28}},"2":{"start":{"line":8,"column":0},"end":{"line":8,"column":36}}},"fnMap":{"0":{"name":"ejecutarConRetraso","decl":{"start":{"line":1,"column":9},"end":{"line":1,"column":27}},"loc":{"start":{"line":1,"column":38},"end":{"line":6,"column":1}},"line":1},"1":{"name":"(anonymous_1)","decl":{"start":{"line":3,"column":15},"end":{"line":3,"column":16}},"loc":{"start":{"line":3,"column":21},"end":{"line":5,"column":3}},"line":3}},"branchMap":{},"s":{"0":1,"1":1,"2":1},"f":{"0":1,"1":1},"b":{},"_coverageSchema":"1a1c01bbd47fc00a2c39e90264f33305004495a9","hash":"996d240118e0b34b4e4aff28628dc11545a5495e"}
,"C:\\Users\\ashle\\OneDrive\\Desktop\\proyecto-testing\\usuario.js": {"path":"C:\\Users\\ashle\\OneDrive\\Desktop\\proyecto-testing\\usuario.js","statementMap":{"0":{"start":{"line":2,"column":2},"end":{"line":16,"column":5}},"1":{"start":{"line":3,"column":4},"end":{"line":15,"column":12}},"2":{"start":{"line":4,"column":23},"end":{"line":7,"column":7}},"3":{"start":{"line":8,"column":22},"end":{"line":8,"column":34}},"4":{"start":{"line":10,"column":6},"end":{"line":14,"column":7}},"5":{"start":{"line":11,"column":8},"end":{"line":11,"column":25}},"6":{"start":{"line":13,"column":8},"end":{"line":13,"column":40}},"7":{"start":{"line":19,"column":1},"end":{"line":19,"column":33}}},"fnMap":{"0":{"name":"obtenerUsuario","decl":{"start":{"line":1,"column":9},"end":{"line":1,"column":23}},"loc":{"start":{"line":1,"column":28},"end":{"line":17,"column":1}},"line":1},"1":{"name":"(anonymous_1)","decl":{"start":{"line":2,"column":21},"end":{"line":2,"column":22}},"loc":{"start":{"line":2,"column":42},"end":{"line":16,"column":3}},"line":2},"2":{"name":"(anonymous_2)","decl":{"start":{"line":3,"column":15},"end":{"line":3,"column":16}},"loc":{"start":{"line":3,"column":21},"end":{"line":15,"column":5}},"line":3}},"branchMap":{"0":{"loc":{"start":{"line":10,"column":6},"end":{"line":14,"column":7}},"type":"if","locations":[{"start":{"line":10,"column":6},"end":{"line":14,"column":7}},{"start":{"line":12,"column":13},"end":{"line":14,"column":7}}],"line":10}},"s":{"0":3,"1":3,"2":3,"3":3,"4":3,"5":2,"6":1,"7":1},"f":{"0":3,"1":3,"2":3},"b":{"0":[2,1]},"_coverageSchema":"1a1c01bbd47fc00a2c39e90264f33305004495a9","hash":"12aceaad082595cc6617680ee7567d232afc3742"}
,"C:\\Users\\ashle\\OneDrive\\Desktop\\proyecto-testing\\utils.js": {"path":"C:\\Users\\ashle\\OneDrive\\Desktop\\proyecto-testing\\utils.js","statementMap":{"0":{"start":{"line":2,"column":2},"end":{"line":2,"column":27}},"1":{"start":{"line":5,"column":0},"end":{"line":5,"column":29}}},"fnMap":{"0":{"name":"saludar","decl":{"start":{"line":1,"column":9},"end":{"line":1,"column":16}},"loc":{"start":{"line":1,"column":25},"end":{"line":3,"column":1}},"line":1}},"branchMap":{},"s":{"0":1,"1":1},"f":{"0":1},"b":{},"_coverageSchema":"1a1c01bbd47fc00a2c39e90264f33305004495a9","hash":"f20c7d50d9fba52d962bf767831ad60d3e86b4ba"}
,"C:\\Users\\ashle\\OneDrive\\Desktop\\proyecto-testing\\validarContraseña.js": {"path":"C:\\Users\\ashle\\OneDrive\\Desktop\\proyecto-testing\\validarContraseña.js","statementMap":{"0":{"start":{"line":2,"column":4},"end":{"line":2,"column":55}},"1":{"start":{"line":4,"column":0},"end":{"line":4,"column":35}}},"fnMap":{"0":{"name":"validarContraseña","decl":{"start":{"line":1,"column":9},"end":{"line":1,"column":26}},"loc":{"start":{"line":1,"column":37},"end":{"line":3,"column":1}},"line":1}},"branchMap":{"0":{"loc":{"start":{"line":2,"column":11},"end":{"line":2,"column":54}},"type":"binary-expr","locations":[{"start":{"line":2,"column":11},"end":{"line":2,"column":31}},{"start":{"line":2,"column":35},"end":{"line":2,"column":54}}],"line":2}},"s":{"0":3,"1":1},"f":{"0":3},"b":{"0":[3,2]},"_coverageSchema":"1a1c01bbd47fc00a2c39e90264f33305004495a9","hash":"53f17452e375cc9b7b1a7492119564c52317c3ed"}
}
